<?xml version="1.0" encoding="UTF-8"?>
<!-- Generated by org.testng.reporters.JUnitXMLReporter -->
<testsuite ignored="1" hostname="LAPTOP-K24HLQF9" failures="0" tests="1" name="error validation Test" time="7.399" errors="0" timestamp="2024-02-15T19:51:47 IST">
  <testcase classname="frst.ErrorValidation" name="LoginValidation" time="1.368"/>
  <testcase classname="frst.ErrorValidation" name="ProductCartvalidation" time="0.0">
    <ignored/>
  </testcase> <!-- ProductCartvalidation -->
</testsuite> <!-- error validation Test -->
