<?xml version="1.0" encoding="UTF-8"?>
<testng-results ignored="3" total="4" passed="1" failed="0" skipped="0">
  <reporter-output>
  </reporter-output>
  <suite started-at="2024-02-15T19:51:40 IST" name="Lets shop" finished-at="2024-02-15T19:51:47 IST" duration-ms="7470">
    <groups>
      <group name="ErrorHandling">
        <method signature="ErrorValidation.LoginValidation()[pri:0, instance:frst.ErrorValidation@7ea9e1e2]" name="LoginValidation" class="frst.ErrorValidation"/>
      </group> <!-- ErrorHandling -->
    </groups>
    <test started-at="2024-02-15T19:51:40 IST" name="place order Test" finished-at="2024-02-15T19:51:40 IST" duration-ms="6">
    </test> <!-- place order Test -->
    <test started-at="2024-02-15T19:51:40 IST" name="error validation Test" finished-at="2024-02-15T19:51:47 IST" duration-ms="7399">
      <class name="frst.ErrorValidation">
        <test-method is-config="true" signature="launchApplication()[pri:0, instance:frst.ErrorValidation@7ea9e1e2]" started-at="2024-02-15T19:51:40 IST" name="launchApplication" finished-at="2024-02-15T19:51:45 IST" duration-ms="5431" status="PASS">
          <reporter-output>
          </reporter-output>
        </test-method> <!-- launchApplication -->
        <test-method signature="LoginValidation()[pri:0, instance:frst.ErrorValidation@7ea9e1e2]" started-at="2024-02-15T19:51:45 IST" name="LoginValidation" finished-at="2024-02-15T19:51:46 IST" duration-ms="1368" status="PASS">
          <reporter-output>
          </reporter-output>
        </test-method> <!-- LoginValidation -->
        <test-method is-config="true" signature="closebrowser()[pri:0, instance:frst.ErrorValidation@7ea9e1e2]" started-at="2024-02-15T19:51:46 IST" name="closebrowser" finished-at="2024-02-15T19:51:47 IST" duration-ms="581" status="PASS">
          <reporter-output>
          </reporter-output>
        </test-method> <!-- closebrowser -->
      </class> <!-- frst.ErrorValidation -->
    </test> <!-- error validation Test -->
  </suite> <!-- Lets shop -->
</testng-results>
